Atmosphère Fatal Report (v1.1):
Result:                          0x25A0B (2011-0301)

Program ID:                      0100000000001000
Process Name:                    qlaunch
Firmware:                        16.0.1 (Atmosphère 1.5.1-master-8274081e3)
General Purpose Registers:
         FP:                     0000004ac84a89d0
         LR:                     0000006938cb1044
         SP:                     0000004ac84a89d0
         PC:                     0000006938c4ac28
Start Address:                   0000006938a00000
Stack Trace:
        ReturnAddress[00]:       0000006938d037c8
        ReturnAddress[01]:       0000006938d031c0
        ReturnAddress[02]:       0000006938d032d8
        ReturnAddress[03]:       0000006938c0ba2c
        ReturnAddress[04]:       0000006938c0ad7c
        ReturnAddress[05]:       0000006938c0ae38
        ReturnAddress[06]:       0000006938c0af18
        ReturnAddress[07]:       0000006938f26104
        ReturnAddress[08]:       0000006938f269c0
        ReturnAddress[09]:       0000006938f59800
        ReturnAddress[10]:       00000069393cec3c
        ReturnAddress[11]:       0000006939354c20
        ReturnAddress[12]:       0000006938d166a8
        ReturnAddress[13]:       0000006938d166c8
        ReturnAddress[14]:       0000006938d166c8
        ReturnAddress[15]:       0000006938d166c8
        ReturnAddress[16]:       0000006938d166c8
        ReturnAddress[17]:       0000006938d16654
        ReturnAddress[18]:       00000069393b92e4
        ReturnAddress[19]:       00000069393b9024
        ReturnAddress[20]:       0000006938d154e8
        ReturnAddress[21]:       0000006938f256c0
        ReturnAddress[22]:       0000006938a8c8ec
        ReturnAddress[23]:       0000006938b44b94
        ReturnAddress[24]:       0000006938a000d4
Stack Dump:                               00 01 02 03 04 05 06 07 08 09 0a 0b 0c 0d 0e 0f
                             004ac84a89d0 70 8a 4a c8 4a 00 00 00 c8 37 d0 38 69 00 00 00
                             004ac84a89e0 01 01 00 00 00 00 10 00 0c 00 00 80 01 00 00 00
                             004ac84a89f0 03 00 00 00 00 00 00 00 00 00 00 00 00 00 00 00
                             004ac84a8a00 05 00 00 00 00 00 00 00 00 00 00 00 08 00 00 00
                             004ac84a8a10 00 00 00 00 14 00 00 00 00 00 a0 38 69 00 00 00
                             004ac84a8a20 00 80 9d 00 00 00 00 00 03 00 00 00 00 00 00 00
                             004ac84a8a30 05 00 00 00 00 00 00 00 00 00 00 00 00 00 00 00
                             004ac84a8a40 58 8a 4a c8 4a 00 00 00 15 00 00 00 00 00 00 00
                             004ac84a8a50 48 28 c2 39 69 00 00 00 50 02 00 00 00 00 00 00
                             004ac84a8a60 e0 89 4a c8 4a 00 00 00 00 22 d0 01 35 00 00 00
                             004ac84a8a70 e0 8a 4a c8 4a 00 00 00 c0 31 d0 38 69 00 00 00
                             004ac84a8a80 45 f0 5e 39 69 00 00 00 d0 8c 4a c8 4a 00 00 00
                             004ac84a8a90 45 f0 5e 39 69 00 00 00 00 00 00 00 00 00 00 00
                             004ac84a8aa0 b0 cf b0 39 69 00 00 00 c0 d0 b0 39 69 00 00 00
                             004ac84a8ab0 18 8b 4a c8 4a 00 00 00 00 00 00 00 00 00 00 00
                             004ac84a8ac0 f0 cf b0 39 69 00 00 00 ab 60 8d 39 69 00 00 00
TLS Address:                 0000003501d02200
TLS Dump:                                 00 01 02 03 04 05 06 07 08 09 0a 0b 0c 0d 0e 0f
                             003501d02200 06 00 10 00 0c 00 00 80 01 00 00 00 9a 81 b2 00
                             003501d02210 00 00 00 00 50 02 00 00 48 28 c2 39 18 00 00 90
                             003501d02220 53 46 43 49 01 00 00 00 02 00 00 00 00 00 00 00
                             003501d02230 0b 5a 02 00 00 00 00 00 00 00 00 00 00 00 00 00
                             003501d02240 4a 00 80 00 00 00 00 00 00 00 00 00 00 00 00 00
                             003501d02250 00 00 00 00 00 00 00 00 00 00 00 00 00 00 00 00
                             003501d02260 00 00 00 00 00 00 00 00 00 00 00 00 00 00 00 00
                             003501d02270 00 00 00 00 00 00 00 00 00 00 00 00 00 00 00 00
                             003501d02280 00 22 d0 01 35 00 00 00 00 00 00 00 00 00 00 00
                             003501d02290 00 00 00 00 00 00 00 00 00 00 00 00 00 00 00 00
                             003501d022a0 00 00 00 00 00 00 00 00 30 00 00 00 00 00 00 00
                             003501d022b0 00 00 00 00 00 00 00 00 00 00 00 00 00 00 00 00
                             003501d022c0 00 00 00 00 00 00 00 00 00 00 00 00 00 00 00 00
                             003501d022d0 00 00 00 00 00 00 00 00 00 00 00 00 00 00 00 00
                             003501d022e0 00 00 00 00 00 00 00 00 00 00 00 00 00 00 00 00
                             003501d022f0 00 00 00 00 00 00 00 00 00 00 00 00 00 00 00 00
