Atmosphère Crash Report (v1.6):
Result:                          0x75B (2347-0003)

Process Info:
    Process Name:                hbloader
    Program ID:                  010000000000100d
    Process ID:                  0000000000000081
    Process Flags:               000000b7
    User Exception Address:      00000022efb4f000
Exception Info:
    Type:                        User Break
    Address:                     00000014f56073c8 (hbl + 0x73c8)
    Break Reason:                0x0
    Break Address:               000000505c7edf0c
    Break Size:                  0x4
Crashed Thread Info:
    Thread ID:                   0000000000000217
    Stack Region:                000000505c6ee000-000000505c7ee000
    Registers:
        X[00]:                   0000000000000000
        X[01]:                   000000505c7edf0c
        X[02]:                   0000000000000004
        X[03]:                   0000000000000000
        X[04]:                   0000000000000000
        X[05]:                   00000014f5610b20
        X[06]:                   0000000000000061
        X[07]:                   00000014f5614910
        X[08]:                   0000000000000000
        X[09]:                   0000000000000000
        X[10]:                   0000000000000000
        X[11]:                   0000000000000000
        X[12]:                   0000000000000000
        X[13]:                   0000000000000000
        X[14]:                   0000000000000000
        X[15]:                   0000000000000000
        X[16]:                   0000000000000000
        X[17]:                   0000000000000000
        X[18]:                   0000000000000000
        X[19]:                   0000000000000000
        X[20]:                   0000000000000000
        X[21]:                   0000000000000000
        X[22]:                   0000000000000000
        X[23]:                   0000000000000000
        X[24]:                   0000000000000000
        X[25]:                   0000000000000000
        X[26]:                   0000000000000000
        X[27]:                   0000000000000000
        X[28]:                   0000000000000000
        FP:                      000000505c7edef0
        LR:                      00000014f560522c (hbl + 0x522c)
        SP:                      000000505c7edef0
        PC:                      00000014f56073c4 (hbl + 0x73c4)
    Stack Trace:
        ReturnAddress[00]:       00000014f56009e0 (hbl + 0x9e0)
        ReturnAddress[01]:       00000014f560033c (hbl + 0x33c)
        ReturnAddress[02]:       00000014f5600840 (hbl + 0x840)
    Stack Dump:                               00 01 02 03 04 05 06 07 08 09 0a 0b 0c 0d 0e 0f
                                 00505c7edef0 10 df 7e 5c 50 00 00 00 e0 09 60 f5 14 00 00 00
                                 00505c7edf00 fd 81 02 00 00 00 00 00 80 b1 60 f5 5b 07 00 00
                                 00505c7edf10 60 df 7e 5c 50 00 00 00 3c 03 60 f5 14 00 00 00
                                 00505c7edf20 00 00 40 0f 00 00 00 00 00 35 61 f5 14 00 00 00
                                 00505c7edf30 c8 df 7e 5c 50 00 00 00 00 46 61 f5 14 00 00 00
                                 00505c7edf40 b8 df 7e 5c 50 00 00 00 c0 df 7e 5c 50 00 00 00
                                 00505c7edf50 00 46 61 f5 14 00 00 00 ff 81 00 00 00 00 00 00
                                 00505c7edf60 00 00 00 00 00 00 00 00 40 08 60 f5 14 00 00 00
                                 00505c7edf70 00 00 00 00 00 00 00 00 00 00 00 00 00 00 00 00
                                 00505c7edf80 00 00 00 00 00 00 00 00 00 00 00 00 00 00 00 00
                                 00505c7edf90 00 00 00 00 00 00 00 00 00 00 00 00 00 00 00 00
                                 00505c7edfa0 00 00 00 00 00 00 00 00 ff 81 00 00 00 00 00 00
                                 00505c7edfb0 00 00 00 00 00 00 00 00 fe 01 03 00 7d 00 00 00
                                 00505c7edfc0 fc 81 03 00 00 00 00 00 03 01 00 00 00 00 00 00
                                 00505c7edfd0 00 50 61 f5 14 00 00 00 00 90 95 43 50 00 00 00
                                 00505c7edfe0 d0 0f 00 00 00 00 00 00 00 00 00 00 00 00 00 00
    TLS Address:                 00000022efb4f200
    TLS Dump:                                 00 01 02 03 04 05 06 07 08 09 0a 0b 0c 0d 0e 0f
                                 0022efb4f200 00 00 00 00 0c 00 00 00 00 00 00 00 00 00 00 00
                                 0022efb4f210 00 00 00 00 00 00 00 00 00 00 00 00 00 00 00 00
                                 0022efb4f220 53 46 43 4f 00 00 00 00 02 02 00 00 00 00 00 00
                                 0022efb4f230 00 00 00 00 00 00 00 00 00 00 00 00 00 00 00 00
                                 0022efb4f240 00 00 00 00 00 00 00 00 00 00 00 00 00 00 00 00
                                 0022efb4f250 00 00 00 00 00 00 00 00 00 00 00 00 00 00 00 00
                                 0022efb4f260 00 00 00 00 00 00 00 00 00 00 00 00 00 00 00 00
                                 0022efb4f270 00 00 00 00 00 00 00 00 00 00 00 00 00 00 00 00
                                 0022efb4f280 00 00 00 00 00 00 00 00 00 00 00 00 00 00 00 00
                                 0022efb4f290 00 00 00 00 00 00 00 00 00 00 00 00 00 00 00 00
                                 0022efb4f2a0 00 00 00 00 00 00 00 00 00 00 00 00 00 00 00 00
                                 0022efb4f2b0 00 00 00 00 00 00 00 00 00 00 00 00 00 00 00 00
                                 0022efb4f2c0 00 00 00 00 00 00 00 00 00 00 00 00 00 00 00 00
                                 0022efb4f2d0 00 00 00 00 00 00 00 00 00 00 00 00 00 00 00 00
                                 0022efb4f2e0 00 00 00 00 00 00 00 00 00 00 00 00 00 00 00 00
                                 0022efb4f2f0 00 00 00 00 00 00 00 00 00 00 00 00 00 00 00 00
Module Info:
    Number of Modules:           1
    Module 00:
        Address:                 00000014f5600000-00000014f560b000
        Name:                    hbl
        Build Id:                116A8E9D8DE993B75474F4B409A16556AF7B97CE000000000000000000000000
Thread Report:
Number of Threads:               01
Threads[00]:
    Thread ID:                   0000000000000217
    Stack Region:                000000505c6ee000-000000505c7ee000
    Registers:
        X[00]:                   0000000000000000
        X[01]:                   000000505c7edf0c
        X[02]:                   0000000000000004
        X[03]:                   0000000000000000
        X[04]:                   0000000000000000
        X[05]:                   00000014f5610b20
        X[06]:                   0000000000000061
        X[07]:                   00000014f5614910
        X[08]:                   0000000000000000
        X[09]:                   0000000000000000
        X[10]:                   0000000000000000
        X[11]:                   0000000000000000
        X[12]:                   0000000000000000
        X[13]:                   0000000000000000
        X[14]:                   0000000000000000
        X[15]:                   0000000000000000
        X[16]:                   0000000000000000
        X[17]:                   0000000000000000
        X[18]:                   0000000000000000
        X[19]:                   0000000000000000
        X[20]:                   0000000000000000
        X[21]:                   0000000000000000
        X[22]:                   0000000000000000
        X[23]:                   0000000000000000
        X[24]:                   0000000000000000
        X[25]:                   0000000000000000
        X[26]:                   0000000000000000
        X[27]:                   0000000000000000
        X[28]:                   0000000000000000
        FP:                      000000505c7edef0
        LR:                      00000014f560522c (hbl + 0x522c)
        SP:                      000000505c7edef0
        PC:                      00000014f56073c4 (hbl + 0x73c4)
    Stack Trace:
        ReturnAddress[00]:       00000014f56009e0 (hbl + 0x9e0)
        ReturnAddress[01]:       00000014f560033c (hbl + 0x33c)
        ReturnAddress[02]:       00000014f5600840 (hbl + 0x840)
    Stack Dump:                               00 01 02 03 04 05 06 07 08 09 0a 0b 0c 0d 0e 0f
                                 00505c7edef0 10 df 7e 5c 50 00 00 00 e0 09 60 f5 14 00 00 00
                                 00505c7edf00 fd 81 02 00 00 00 00 00 80 b1 60 f5 5b 07 00 00
                                 00505c7edf10 60 df 7e 5c 50 00 00 00 3c 03 60 f5 14 00 00 00
                                 00505c7edf20 00 00 40 0f 00 00 00 00 00 35 61 f5 14 00 00 00
                                 00505c7edf30 c8 df 7e 5c 50 00 00 00 00 46 61 f5 14 00 00 00
                                 00505c7edf40 b8 df 7e 5c 50 00 00 00 c0 df 7e 5c 50 00 00 00
                                 00505c7edf50 00 46 61 f5 14 00 00 00 ff 81 00 00 00 00 00 00
                                 00505c7edf60 00 00 00 00 00 00 00 00 40 08 60 f5 14 00 00 00
                                 00505c7edf70 00 00 00 00 00 00 00 00 00 00 00 00 00 00 00 00
                                 00505c7edf80 00 00 00 00 00 00 00 00 00 00 00 00 00 00 00 00
                                 00505c7edf90 00 00 00 00 00 00 00 00 00 00 00 00 00 00 00 00
                                 00505c7edfa0 00 00 00 00 00 00 00 00 ff 81 00 00 00 00 00 00
                                 00505c7edfb0 00 00 00 00 00 00 00 00 fe 01 03 00 7d 00 00 00
                                 00505c7edfc0 fc 81 03 00 00 00 00 00 03 01 00 00 00 00 00 00
                                 00505c7edfd0 00 50 61 f5 14 00 00 00 00 90 95 43 50 00 00 00
                                 00505c7edfe0 d0 0f 00 00 00 00 00 00 00 00 00 00 00 00 00 00
    TLS Address:                 00000022efb4f200
    TLS Dump:                                 00 01 02 03 04 05 06 07 08 09 0a 0b 0c 0d 0e 0f
                                 0022efb4f200 00 00 00 00 0c 00 00 00 00 00 00 00 00 00 00 00
                                 0022efb4f210 00 00 00 00 00 00 00 00 00 00 00 00 00 00 00 00
                                 0022efb4f220 53 46 43 4f 00 00 00 00 02 02 00 00 00 00 00 00
                                 0022efb4f230 00 00 00 00 00 00 00 00 00 00 00 00 00 00 00 00
                                 0022efb4f240 00 00 00 00 00 00 00 00 00 00 00 00 00 00 00 00
                                 0022efb4f250 00 00 00 00 00 00 00 00 00 00 00 00 00 00 00 00
                                 0022efb4f260 00 00 00 00 00 00 00 00 00 00 00 00 00 00 00 00
                                 0022efb4f270 00 00 00 00 00 00 00 00 00 00 00 00 00 00 00 00
                                 0022efb4f280 00 00 00 00 00 00 00 00 00 00 00 00 00 00 00 00
                                 0022efb4f290 00 00 00 00 00 00 00 00 00 00 00 00 00 00 00 00
                                 0022efb4f2a0 00 00 00 00 00 00 00 00 00 00 00 00 00 00 00 00
                                 0022efb4f2b0 00 00 00 00 00 00 00 00 00 00 00 00 00 00 00 00
                                 0022efb4f2c0 00 00 00 00 00 00 00 00 00 00 00 00 00 00 00 00
                                 0022efb4f2d0 00 00 00 00 00 00 00 00 00 00 00 00 00 00 00 00
                                 0022efb4f2e0 00 00 00 00 00 00 00 00 00 00 00 00 00 00 00 00
                                 0022efb4f2f0 00 00 00 00 00 00 00 00 00 00 00 00 00 00 00 00
