Atmosphère Crash Report (v1.6):
Result:                          0x75B (2347-0003)

Process Info:
    Process Name:                hbloader
    Program ID:                  010000000000100d
    Process ID:                  0000000000000081
    Process Flags:               000000b7
    User Exception Address:      0000003ad40f4000
Exception Info:
    Type:                        User Break
    Address:                     0000006cafe073c8 (hbl + 0x73c8)
    Break Reason:                0x0
    Break Address:               0000006202eddf0c
    Break Size:                  0x4
Crashed Thread Info:
    Thread ID:                   000000000000022d
    Stack Region:                0000006202dde000-0000006202ede000
    Registers:
        X[00]:                   0000000000000000
        X[01]:                   0000006202eddf0c
        X[02]:                   0000000000000004
        X[03]:                   0000000000000000
        X[04]:                   0000000000000000
        X[05]:                   0000006cafe10b20
        X[06]:                   0000000000000061
        X[07]:                   0000006cafe14910
        X[08]:                   0000000000000000
        X[09]:                   0000000000000000
        X[10]:                   0000000000000000
        X[11]:                   0000000000000000
        X[12]:                   0000000000000000
        X[13]:                   0000000000000000
        X[14]:                   0000000000000000
        X[15]:                   0000000000000000
        X[16]:                   0000000000000000
        X[17]:                   0000000000000000
        X[18]:                   0000000000000000
        X[19]:                   0000000000000000
        X[20]:                   0000000000000000
        X[21]:                   0000000000000000
        X[22]:                   0000000000000000
        X[23]:                   0000000000000000
        X[24]:                   0000000000000000
        X[25]:                   0000000000000000
        X[26]:                   0000000000000000
        X[27]:                   0000000000000000
        X[28]:                   0000000000000000
        FP:                      0000006202eddef0
        LR:                      0000006cafe0522c (hbl + 0x522c)
        SP:                      0000006202eddef0
        PC:                      0000006cafe073c4 (hbl + 0x73c4)
    Stack Trace:
        ReturnAddress[00]:       0000006cafe009e0 (hbl + 0x9e0)
        ReturnAddress[01]:       0000006cafe0033c (hbl + 0x33c)
        ReturnAddress[02]:       0000006cafe00840 (hbl + 0x840)
    Stack Dump:                               00 01 02 03 04 05 06 07 08 09 0a 0b 0c 0d 0e 0f
                                 006202eddef0 10 df ed 02 62 00 00 00 e0 09 e0 af 6c 00 00 00
                                 006202eddf00 fd 81 02 00 00 00 00 00 80 b1 e0 af 5b 07 00 00
                                 006202eddf10 60 df ed 02 62 00 00 00 3c 03 e0 af 6c 00 00 00
                                 006202eddf20 00 00 40 0f 00 00 00 00 00 35 e1 af 6c 00 00 00
                                 006202eddf30 c8 df ed 02 62 00 00 00 00 46 e1 af 6c 00 00 00
                                 006202eddf40 b8 df ed 02 62 00 00 00 c0 df ed 02 62 00 00 00
                                 006202eddf50 00 46 e1 af 6c 00 00 00 ff 81 00 00 00 00 00 00
                                 006202eddf60 00 00 00 00 00 00 00 00 40 08 e0 af 6c 00 00 00
                                 006202eddf70 00 00 00 00 00 00 00 00 00 00 00 00 00 00 00 00
                                 006202eddf80 00 00 00 00 00 00 00 00 00 00 00 00 00 00 00 00
                                 006202eddf90 00 00 00 00 00 00 00 00 00 00 00 00 00 00 00 00
                                 006202eddfa0 00 00 00 00 00 00 00 00 ff 81 00 00 00 00 00 00
                                 006202eddfb0 00 00 00 00 00 00 00 00 fe 01 03 00 53 00 00 00
                                 006202eddfc0 fc 81 03 00 00 00 00 00 03 01 00 00 00 00 00 00
                                 006202eddfd0 00 50 e1 af 6c 00 00 00 00 80 59 b6 61 00 00 00
                                 006202eddfe0 d0 0f 00 00 00 00 00 00 00 00 00 00 00 00 00 00
    TLS Address:                 0000003ad40f4200
    TLS Dump:                                 00 01 02 03 04 05 06 07 08 09 0a 0b 0c 0d 0e 0f
                                 003ad40f4200 00 00 00 00 0c 00 00 00 00 00 00 00 00 00 00 00
                                 003ad40f4210 00 00 00 00 00 00 00 00 00 00 00 00 00 00 00 00
                                 003ad40f4220 53 46 43 4f 00 00 00 00 02 02 00 00 00 00 00 00
                                 003ad40f4230 00 00 00 00 00 00 00 00 00 00 00 00 00 00 00 00
                                 003ad40f4240 00 00 00 00 00 00 00 00 00 00 00 00 00 00 00 00
                                 003ad40f4250 00 00 00 00 00 00 00 00 00 00 00 00 00 00 00 00
                                 003ad40f4260 00 00 00 00 00 00 00 00 00 00 00 00 00 00 00 00
                                 003ad40f4270 00 00 00 00 00 00 00 00 00 00 00 00 00 00 00 00
                                 003ad40f4280 00 00 00 00 00 00 00 00 00 00 00 00 00 00 00 00
                                 003ad40f4290 00 00 00 00 00 00 00 00 00 00 00 00 00 00 00 00
                                 003ad40f42a0 00 00 00 00 00 00 00 00 00 00 00 00 00 00 00 00
                                 003ad40f42b0 00 00 00 00 00 00 00 00 00 00 00 00 00 00 00 00
                                 003ad40f42c0 00 00 00 00 00 00 00 00 00 00 00 00 00 00 00 00
                                 003ad40f42d0 00 00 00 00 00 00 00 00 00 00 00 00 00 00 00 00
                                 003ad40f42e0 00 00 00 00 00 00 00 00 00 00 00 00 00 00 00 00
                                 003ad40f42f0 00 00 00 00 00 00 00 00 00 00 00 00 00 00 00 00
Module Info:
    Number of Modules:           1
    Module 00:
        Address:                 0000006cafe00000-0000006cafe0b000
        Name:                    hbl
        Build Id:                116A8E9D8DE993B75474F4B409A16556AF7B97CE000000000000000000000000
Thread Report:
Number of Threads:               01
Threads[00]:
    Thread ID:                   000000000000022d
    Stack Region:                0000006202dde000-0000006202ede000
    Registers:
        X[00]:                   0000000000000000
        X[01]:                   0000006202eddf0c
        X[02]:                   0000000000000004
        X[03]:                   0000000000000000
        X[04]:                   0000000000000000
        X[05]:                   0000006cafe10b20
        X[06]:                   0000000000000061
        X[07]:                   0000006cafe14910
        X[08]:                   0000000000000000
        X[09]:                   0000000000000000
        X[10]:                   0000000000000000
        X[11]:                   0000000000000000
        X[12]:                   0000000000000000
        X[13]:                   0000000000000000
        X[14]:                   0000000000000000
        X[15]:                   0000000000000000
        X[16]:                   0000000000000000
        X[17]:                   0000000000000000
        X[18]:                   0000000000000000
        X[19]:                   0000000000000000
        X[20]:                   0000000000000000
        X[21]:                   0000000000000000
        X[22]:                   0000000000000000
        X[23]:                   0000000000000000
        X[24]:                   0000000000000000
        X[25]:                   0000000000000000
        X[26]:                   0000000000000000
        X[27]:                   0000000000000000
        X[28]:                   0000000000000000
        FP:                      0000006202eddef0
        LR:                      0000006cafe0522c (hbl + 0x522c)
        SP:                      0000006202eddef0
        PC:                      0000006cafe073c4 (hbl + 0x73c4)
    Stack Trace:
        ReturnAddress[00]:       0000006cafe009e0 (hbl + 0x9e0)
        ReturnAddress[01]:       0000006cafe0033c (hbl + 0x33c)
        ReturnAddress[02]:       0000006cafe00840 (hbl + 0x840)
    Stack Dump:                               00 01 02 03 04 05 06 07 08 09 0a 0b 0c 0d 0e 0f
                                 006202eddef0 10 df ed 02 62 00 00 00 e0 09 e0 af 6c 00 00 00
                                 006202eddf00 fd 81 02 00 00 00 00 00 80 b1 e0 af 5b 07 00 00
                                 006202eddf10 60 df ed 02 62 00 00 00 3c 03 e0 af 6c 00 00 00
                                 006202eddf20 00 00 40 0f 00 00 00 00 00 35 e1 af 6c 00 00 00
                                 006202eddf30 c8 df ed 02 62 00 00 00 00 46 e1 af 6c 00 00 00
                                 006202eddf40 b8 df ed 02 62 00 00 00 c0 df ed 02 62 00 00 00
                                 006202eddf50 00 46 e1 af 6c 00 00 00 ff 81 00 00 00 00 00 00
                                 006202eddf60 00 00 00 00 00 00 00 00 40 08 e0 af 6c 00 00 00
                                 006202eddf70 00 00 00 00 00 00 00 00 00 00 00 00 00 00 00 00
                                 006202eddf80 00 00 00 00 00 00 00 00 00 00 00 00 00 00 00 00
                                 006202eddf90 00 00 00 00 00 00 00 00 00 00 00 00 00 00 00 00
                                 006202eddfa0 00 00 00 00 00 00 00 00 ff 81 00 00 00 00 00 00
                                 006202eddfb0 00 00 00 00 00 00 00 00 fe 01 03 00 53 00 00 00
                                 006202eddfc0 fc 81 03 00 00 00 00 00 03 01 00 00 00 00 00 00
                                 006202eddfd0 00 50 e1 af 6c 00 00 00 00 80 59 b6 61 00 00 00
                                 006202eddfe0 d0 0f 00 00 00 00 00 00 00 00 00 00 00 00 00 00
    TLS Address:                 0000003ad40f4200
    TLS Dump:                                 00 01 02 03 04 05 06 07 08 09 0a 0b 0c 0d 0e 0f
                                 003ad40f4200 00 00 00 00 0c 00 00 00 00 00 00 00 00 00 00 00
                                 003ad40f4210 00 00 00 00 00 00 00 00 00 00 00 00 00 00 00 00
                                 003ad40f4220 53 46 43 4f 00 00 00 00 02 02 00 00 00 00 00 00
                                 003ad40f4230 00 00 00 00 00 00 00 00 00 00 00 00 00 00 00 00
                                 003ad40f4240 00 00 00 00 00 00 00 00 00 00 00 00 00 00 00 00
                                 003ad40f4250 00 00 00 00 00 00 00 00 00 00 00 00 00 00 00 00
                                 003ad40f4260 00 00 00 00 00 00 00 00 00 00 00 00 00 00 00 00
                                 003ad40f4270 00 00 00 00 00 00 00 00 00 00 00 00 00 00 00 00
                                 003ad40f4280 00 00 00 00 00 00 00 00 00 00 00 00 00 00 00 00
                                 003ad40f4290 00 00 00 00 00 00 00 00 00 00 00 00 00 00 00 00
                                 003ad40f42a0 00 00 00 00 00 00 00 00 00 00 00 00 00 00 00 00
                                 003ad40f42b0 00 00 00 00 00 00 00 00 00 00 00 00 00 00 00 00
                                 003ad40f42c0 00 00 00 00 00 00 00 00 00 00 00 00 00 00 00 00
                                 003ad40f42d0 00 00 00 00 00 00 00 00 00 00 00 00 00 00 00 00
                                 003ad40f42e0 00 00 00 00 00 00 00 00 00 00 00 00 00 00 00 00
                                 003ad40f42f0 00 00 00 00 00 00 00 00 00 00 00 00 00 00 00 00
