Atmosphère Crash Report (v1.6):
Result:                          0x4A8 (2168-0002)

Process Info:
    Process Name:                hbloader
    Program ID:                  010000000000100d
    Process ID:                  0000000000000084
    Process Flags:               000000b7
    User Exception Address:      0000004417fe1000
Exception Info:
    Type:                        Data Abort
    Address:                     ffffffffffffffd8
    Fault Address:               0000000000000000
Crashed Thread Info:
    Thread ID:                   000000000000026b
    Stack Region:                0000005d53e41000-0000005d53f41000
    Registers:
        X[00]:                   0000005d53f40d78
        X[01]:                   0000000000000000
        X[02]:                   ffffffffffffffd8
        X[03]:                   0000000000000000
        X[04]:                   0000000000000000
        X[05]:                   000000007feffffe
        X[06]:                   0000000000000031
        X[07]:                   000000608599eb00
        X[08]:                   0000000000000000
        X[09]:                   0000000000000000
        X[10]:                   0000000000000000
        X[11]:                   0000000000000000
        X[12]:                   0000000000000000
        X[13]:                   0000000000000000
        X[14]:                   0000000000000000
        X[15]:                   0000000000000000
        X[16]:                   0000000000000000
        X[17]:                   0000000000000000
        X[18]:                   0000000000000bf4
        X[19]:                   ffffffffffffffd8
        X[20]:                   0000001577665000
        X[21]:                   0000001577665000
        X[22]:                   0000001577665000
        X[23]:                   000000000f292000
        X[24]:                   0000005d53f40f38
        X[25]:                   0000005d53f40f48
        X[26]:                   0000005d53f40d88
        X[27]:                   0000005d53f40d88
        X[28]:                   0000006d73a9f118
        FP:                      0000005d53f40cf0
        LR:                      000000157752a708 (JKSV + 0x19708)
        SP:                      0000005d53f40cf0
        PC:                      000000157752a724 (JKSV + 0x19724)
    Stack Trace:
        ReturnAddress[00]:       0000001577524f3c (JKSV + 0x13f3c)
        ReturnAddress[01]:       00000015775114c4 (JKSV + 0x4c4)
        ReturnAddress[02]:       00000015775112d0 (JKSV + 0x2d0)
        ReturnAddress[03]:       0000005d53f40ff8
        ReturnAddress[04]:       0000000000000000
    Stack Dump:                               00 01 02 03 04 05 06 07 08 09 0a 0b 0c 0d 0e 0f
                                 005d53f40cf0 a0 0f f4 53 5d 00 00 00 3c 4f 52 77 15 00 00 00
                                 005d53f40d00 f0 0f f4 53 5d 00 00 00 f8 0f f4 53 5d 00 00 00
                                 005d53f40d10 01 00 00 00 00 00 00 00 d0 fe 66 77 15 00 00 00
                                 005d53f40d20 00 20 29 0f 00 00 00 00 00 10 51 77 15 00 00 00
                                 005d53f40d30 68 01 c1 24 6d 00 00 00 ff ff ff ff ff ff ff ff
                                 005d53f40d40 00 00 00 00 00 00 00 00 19 01 00 00 00 04 00 00
                                 005d53f40d50 87 01 00 00 00 00 00 00 66 04 00 00 00 00 00 00
                                 005d53f40d60 87 01 00 00 00 00 00 00 66 ff ff ff ff ff ff ff
                                 005d53f40d70 f0 0d f4 53 5d 00 00 00 88 0d f4 53 5d 00 00 00
                                 005d53f40d80 61 00 00 00 00 00 00 00 07 00 00 00 00 00 00 00
                                 005d53f40d90 a0 0e f4 53 5d 00 00 00 07 00 00 00 00 00 00 00
                                 005d53f40da0 00 00 67 77 15 00 00 00 9c 0e f4 53 5d 00 00 00
                                 005d53f40db0 a0 0e f4 53 5d 00 00 00 07 00 00 00 00 00 00 00
                                 005d53f40dc0 00 00 67 77 15 00 00 00 9c 0e f4 53 5d 00 00 00
                                 005d53f40dd0 b8 a5 58 84 60 00 00 00 3c 00 00 00 00 00 00 00
                                 005d53f40de0 f0 0d f4 53 5d 00 00 00 f0 1e 53 77 15 00 00 00
    TLS Address:                 0000004417fe1200
    TLS Dump:                                 00 01 02 03 04 05 06 07 08 09 0a 0b 0c 0d 0e 0f
                                 004417fe1200 04 00 00 00 08 00 00 00 00 00 00 00 00 00 00 00
                                 004417fe1210 02 00 00 00 2e 00 00 00 00 00 00 00 00 00 00 00
                                 004417fe1220 53 46 43 4f 00 00 00 00 00 00 00 00 00 00 00 00
                                 004417fe1230 00 00 00 00 00 00 00 00 00 00 00 00 00 00 00 00
                                 004417fe1240 01 00 83 01 1e 00 10 c0 00 00 00 00 00 00 3c 36
                                 004417fe1250 10 00 00 00 30 0e f4 53 5d 00 10 00 00 00 00 00
                                 004417fe1260 00 00 00 00 00 00 00 00 00 00 00 00 00 00 00 00
                                 004417fe1270 00 00 00 00 00 00 00 00 84 00 00 00 00 00 00 00
                                 004417fe1280 00 00 00 00 00 00 00 00 00 00 00 00 00 00 00 00
                                 004417fe1290 00 00 00 00 00 00 00 00 00 00 00 00 00 00 00 00
                                 004417fe12a0 00 00 00 00 00 00 00 00 00 00 00 00 00 00 00 00
                                 004417fe12b0 00 00 00 00 00 00 00 00 00 00 00 00 00 00 00 00
                                 004417fe12c0 00 00 00 00 00 00 00 00 00 00 00 00 00 00 00 00
                                 004417fe12d0 00 00 00 00 00 00 00 00 00 00 00 00 00 00 00 00
                                 004417fe12e0 00 00 00 00 00 00 00 00 00 00 00 00 00 00 00 00
                                 004417fe12f0 00 00 00 00 00 00 00 00 00 00 00 00 00 00 00 00
Module Info:
    Number of Modules:           1
    Module 00:
        Address:                 0000001577511000-000000157760d000
        Name:                    JKSV
        Build Id:                E2E12D86E19C50C24DDC2ECC0668C1EB34A44370000000000000000000000000
Thread Report:
Number of Threads:               01
Threads[00]:
    Thread ID:                   000000000000026b
    Stack Region:                0000005d53e41000-0000005d53f41000
    Registers:
        X[00]:                   0000005d53f40d78
        X[01]:                   0000000000000000
        X[02]:                   ffffffffffffffd8
        X[03]:                   0000000000000000
        X[04]:                   0000000000000000
        X[05]:                   000000007feffffe
        X[06]:                   0000000000000031
        X[07]:                   000000608599eb00
        X[08]:                   0000000000000000
        X[09]:                   0000000000000000
        X[10]:                   0000000000000000
        X[11]:                   0000000000000000
        X[12]:                   0000000000000000
        X[13]:                   0000000000000000
        X[14]:                   0000000000000000
        X[15]:                   0000000000000000
        X[16]:                   0000000000000000
        X[17]:                   0000000000000000
        X[18]:                   0000000000000bf4
        X[19]:                   ffffffffffffffd8
        X[20]:                   0000001577665000
        X[21]:                   0000001577665000
        X[22]:                   0000001577665000
        X[23]:                   000000000f292000
        X[24]:                   0000005d53f40f38
        X[25]:                   0000005d53f40f48
        X[26]:                   0000005d53f40d88
        X[27]:                   0000005d53f40d88
        X[28]:                   0000006d73a9f118
        FP:                      0000005d53f40cf0
        LR:                      000000157752a708 (JKSV + 0x19708)
        SP:                      0000005d53f40cf0
        PC:                      000000157752a724 (JKSV + 0x19724)
    Stack Trace:
        ReturnAddress[00]:       0000001577524f3c (JKSV + 0x13f3c)
        ReturnAddress[01]:       00000015775114c4 (JKSV + 0x4c4)
        ReturnAddress[02]:       00000015775112d0 (JKSV + 0x2d0)
        ReturnAddress[03]:       0000005d53f40ff8
        ReturnAddress[04]:       0000000000000000
    Stack Dump:                               00 01 02 03 04 05 06 07 08 09 0a 0b 0c 0d 0e 0f
                                 005d53f40cf0 a0 0f f4 53 5d 00 00 00 3c 4f 52 77 15 00 00 00
                                 005d53f40d00 f0 0f f4 53 5d 00 00 00 f8 0f f4 53 5d 00 00 00
                                 005d53f40d10 01 00 00 00 00 00 00 00 d0 fe 66 77 15 00 00 00
                                 005d53f40d20 00 20 29 0f 00 00 00 00 00 10 51 77 15 00 00 00
                                 005d53f40d30 68 01 c1 24 6d 00 00 00 ff ff ff ff ff ff ff ff
                                 005d53f40d40 00 00 00 00 00 00 00 00 19 01 00 00 00 04 00 00
                                 005d53f40d50 87 01 00 00 00 00 00 00 66 04 00 00 00 00 00 00
                                 005d53f40d60 87 01 00 00 00 00 00 00 66 ff ff ff ff ff ff ff
                                 005d53f40d70 f0 0d f4 53 5d 00 00 00 88 0d f4 53 5d 00 00 00
                                 005d53f40d80 61 00 00 00 00 00 00 00 07 00 00 00 00 00 00 00
                                 005d53f40d90 a0 0e f4 53 5d 00 00 00 07 00 00 00 00 00 00 00
                                 005d53f40da0 00 00 67 77 15 00 00 00 9c 0e f4 53 5d 00 00 00
                                 005d53f40db0 a0 0e f4 53 5d 00 00 00 07 00 00 00 00 00 00 00
                                 005d53f40dc0 00 00 67 77 15 00 00 00 9c 0e f4 53 5d 00 00 00
                                 005d53f40dd0 b8 a5 58 84 60 00 00 00 3c 00 00 00 00 00 00 00
                                 005d53f40de0 f0 0d f4 53 5d 00 00 00 f0 1e 53 77 15 00 00 00
    TLS Address:                 0000004417fe1200
    TLS Dump:                                 00 01 02 03 04 05 06 07 08 09 0a 0b 0c 0d 0e 0f
                                 004417fe1200 04 00 00 00 08 00 00 00 00 00 00 00 00 00 00 00
                                 004417fe1210 02 00 00 00 2e 00 00 00 00 00 00 00 00 00 00 00
                                 004417fe1220 53 46 43 4f 00 00 00 00 00 00 00 00 00 00 00 00
                                 004417fe1230 00 00 00 00 00 00 00 00 00 00 00 00 00 00 00 00
                                 004417fe1240 01 00 83 01 1e 00 10 c0 00 00 00 00 00 00 3c 36
                                 004417fe1250 10 00 00 00 30 0e f4 53 5d 00 10 00 00 00 00 00
                                 004417fe1260 00 00 00 00 00 00 00 00 00 00 00 00 00 00 00 00
                                 004417fe1270 00 00 00 00 00 00 00 00 84 00 00 00 00 00 00 00
                                 004417fe1280 00 00 00 00 00 00 00 00 00 00 00 00 00 00 00 00
                                 004417fe1290 00 00 00 00 00 00 00 00 00 00 00 00 00 00 00 00
                                 004417fe12a0 00 00 00 00 00 00 00 00 00 00 00 00 00 00 00 00
                                 004417fe12b0 00 00 00 00 00 00 00 00 00 00 00 00 00 00 00 00
                                 004417fe12c0 00 00 00 00 00 00 00 00 00 00 00 00 00 00 00 00
                                 004417fe12d0 00 00 00 00 00 00 00 00 00 00 00 00 00 00 00 00
                                 004417fe12e0 00 00 00 00 00 00 00 00 00 00 00 00 00 00 00 00
                                 004417fe12f0 00 00 00 00 00 00 00 00 00 00 00 00 00 00 00 00
