Atmosphère Crash Report (v1.6):
Result:                          0x75B (2347-0003)

Process Info:
    Process Name:                hbloader
    Program ID:                  010000000000100d
    Process ID:                  0000000000000081
    Process Flags:               000000b7
    User Exception Address:      00000035875a3000
Exception Info:
    Type:                        User Break
    Address:                     0000005288a073c8 (hbl + 0x73c8)
    Break Reason:                0x0
    Break Address:               0000004c57ff0f0c
    Break Size:                  0x4
Crashed Thread Info:
    Thread ID:                   0000000000000211
    Stack Region:                0000004c57ef1000-0000004c57ff1000
    Registers:
        X[00]:                   0000000000000000
        X[01]:                   0000004c57ff0f0c
        X[02]:                   0000000000000004
        X[03]:                   0000000000000000
        X[04]:                   0000000000000000
        X[05]:                   0000005288a10b20
        X[06]:                   0000000000000061
        X[07]:                   0000005288a14910
        X[08]:                   0000000000000000
        X[09]:                   0000000000000000
        X[10]:                   0000000000000000
        X[11]:                   0000000000000000
        X[12]:                   0000000000000000
        X[13]:                   0000000000000000
        X[14]:                   0000000000000000
        X[15]:                   0000000000000000
        X[16]:                   0000000000000000
        X[17]:                   0000000000000000
        X[18]:                   0000000000000000
        X[19]:                   0000000000000000
        X[20]:                   0000000000000000
        X[21]:                   0000000000000000
        X[22]:                   0000000000000000
        X[23]:                   0000000000000000
        X[24]:                   0000000000000000
        X[25]:                   0000000000000000
        X[26]:                   0000000000000000
        X[27]:                   0000000000000000
        X[28]:                   0000000000000000
        FP:                      0000004c57ff0ef0
        LR:                      0000005288a0522c (hbl + 0x522c)
        SP:                      0000004c57ff0ef0
        PC:                      0000005288a073c4 (hbl + 0x73c4)
    Stack Trace:
        ReturnAddress[00]:       0000005288a009e0 (hbl + 0x9e0)
        ReturnAddress[01]:       0000005288a0033c (hbl + 0x33c)
        ReturnAddress[02]:       0000005288a00840 (hbl + 0x840)
    Stack Dump:                               00 01 02 03 04 05 06 07 08 09 0a 0b 0c 0d 0e 0f
                                 004c57ff0ef0 10 0f ff 57 4c 00 00 00 e0 09 a0 88 52 00 00 00
                                 004c57ff0f00 fd 81 02 00 00 00 00 00 80 b1 a0 88 5b 07 00 00
                                 004c57ff0f10 60 0f ff 57 4c 00 00 00 3c 03 a0 88 52 00 00 00
                                 004c57ff0f20 00 00 40 0f 00 00 00 00 00 35 a1 88 52 00 00 00
                                 004c57ff0f30 c8 0f ff 57 4c 00 00 00 00 46 a1 88 52 00 00 00
                                 004c57ff0f40 b8 0f ff 57 4c 00 00 00 c0 0f ff 57 4c 00 00 00
                                 004c57ff0f50 00 46 a1 88 52 00 00 00 ff 81 00 00 00 00 00 00
                                 004c57ff0f60 00 00 00 00 00 00 00 00 40 08 a0 88 52 00 00 00
                                 004c57ff0f70 00 00 00 00 00 00 00 00 00 00 00 00 00 00 00 00
                                 004c57ff0f80 00 00 00 00 00 00 00 00 00 00 00 00 00 00 00 00
                                 004c57ff0f90 00 00 00 00 00 00 00 00 00 00 00 00 00 00 00 00
                                 004c57ff0fa0 00 00 00 00 00 00 00 00 ff 81 00 00 00 00 00 00
                                 004c57ff0fb0 00 00 00 00 00 00 00 00 fe 01 03 00 06 00 00 00
                                 004c57ff0fc0 fc 81 03 00 00 00 00 00 03 01 00 00 00 00 00 00
                                 004c57ff0fd0 00 50 a1 88 52 00 00 00 00 c0 d9 58 4c 00 00 00
                                 004c57ff0fe0 d0 0f 00 00 00 00 00 00 00 00 00 00 00 00 00 00
    TLS Address:                 00000035875a3200
    TLS Dump:                                 00 01 02 03 04 05 06 07 08 09 0a 0b 0c 0d 0e 0f
                                 0035875a3200 00 00 00 00 0c 00 00 00 00 00 00 00 00 00 00 00
                                 0035875a3210 00 00 00 00 00 00 00 00 00 00 00 00 00 00 00 00
                                 0035875a3220 53 46 43 4f 00 00 00 00 02 02 00 00 00 00 00 00
                                 0035875a3230 00 00 00 00 00 00 00 00 00 00 00 00 00 00 00 00
                                 0035875a3240 00 00 00 00 00 00 00 00 00 00 00 00 00 00 00 00
                                 0035875a3250 00 00 00 00 00 00 00 00 00 00 00 00 00 00 00 00
                                 0035875a3260 00 00 00 00 00 00 00 00 00 00 00 00 00 00 00 00
                                 0035875a3270 00 00 00 00 00 00 00 00 00 00 00 00 00 00 00 00
                                 0035875a3280 00 00 00 00 00 00 00 00 00 00 00 00 00 00 00 00
                                 0035875a3290 00 00 00 00 00 00 00 00 00 00 00 00 00 00 00 00
                                 0035875a32a0 00 00 00 00 00 00 00 00 00 00 00 00 00 00 00 00
                                 0035875a32b0 00 00 00 00 00 00 00 00 00 00 00 00 00 00 00 00
                                 0035875a32c0 00 00 00 00 00 00 00 00 00 00 00 00 00 00 00 00
                                 0035875a32d0 00 00 00 00 00 00 00 00 00 00 00 00 00 00 00 00
                                 0035875a32e0 00 00 00 00 00 00 00 00 00 00 00 00 00 00 00 00
                                 0035875a32f0 00 00 00 00 00 00 00 00 00 00 00 00 00 00 00 00
Module Info:
    Number of Modules:           1
    Module 00:
        Address:                 0000005288a00000-0000005288a0b000
        Name:                    hbl
        Build Id:                116A8E9D8DE993B75474F4B409A16556AF7B97CE000000000000000000000000
Thread Report:
Number of Threads:               01
Threads[00]:
    Thread ID:                   0000000000000211
    Stack Region:                0000004c57ef1000-0000004c57ff1000
    Registers:
        X[00]:                   0000000000000000
        X[01]:                   0000004c57ff0f0c
        X[02]:                   0000000000000004
        X[03]:                   0000000000000000
        X[04]:                   0000000000000000
        X[05]:                   0000005288a10b20
        X[06]:                   0000000000000061
        X[07]:                   0000005288a14910
        X[08]:                   0000000000000000
        X[09]:                   0000000000000000
        X[10]:                   0000000000000000
        X[11]:                   0000000000000000
        X[12]:                   0000000000000000
        X[13]:                   0000000000000000
        X[14]:                   0000000000000000
        X[15]:                   0000000000000000
        X[16]:                   0000000000000000
        X[17]:                   0000000000000000
        X[18]:                   0000000000000000
        X[19]:                   0000000000000000
        X[20]:                   0000000000000000
        X[21]:                   0000000000000000
        X[22]:                   0000000000000000
        X[23]:                   0000000000000000
        X[24]:                   0000000000000000
        X[25]:                   0000000000000000
        X[26]:                   0000000000000000
        X[27]:                   0000000000000000
        X[28]:                   0000000000000000
        FP:                      0000004c57ff0ef0
        LR:                      0000005288a0522c (hbl + 0x522c)
        SP:                      0000004c57ff0ef0
        PC:                      0000005288a073c4 (hbl + 0x73c4)
    Stack Trace:
        ReturnAddress[00]:       0000005288a009e0 (hbl + 0x9e0)
        ReturnAddress[01]:       0000005288a0033c (hbl + 0x33c)
        ReturnAddress[02]:       0000005288a00840 (hbl + 0x840)
    Stack Dump:                               00 01 02 03 04 05 06 07 08 09 0a 0b 0c 0d 0e 0f
                                 004c57ff0ef0 10 0f ff 57 4c 00 00 00 e0 09 a0 88 52 00 00 00
                                 004c57ff0f00 fd 81 02 00 00 00 00 00 80 b1 a0 88 5b 07 00 00
                                 004c57ff0f10 60 0f ff 57 4c 00 00 00 3c 03 a0 88 52 00 00 00
                                 004c57ff0f20 00 00 40 0f 00 00 00 00 00 35 a1 88 52 00 00 00
                                 004c57ff0f30 c8 0f ff 57 4c 00 00 00 00 46 a1 88 52 00 00 00
                                 004c57ff0f40 b8 0f ff 57 4c 00 00 00 c0 0f ff 57 4c 00 00 00
                                 004c57ff0f50 00 46 a1 88 52 00 00 00 ff 81 00 00 00 00 00 00
                                 004c57ff0f60 00 00 00 00 00 00 00 00 40 08 a0 88 52 00 00 00
                                 004c57ff0f70 00 00 00 00 00 00 00 00 00 00 00 00 00 00 00 00
                                 004c57ff0f80 00 00 00 00 00 00 00 00 00 00 00 00 00 00 00 00
                                 004c57ff0f90 00 00 00 00 00 00 00 00 00 00 00 00 00 00 00 00
                                 004c57ff0fa0 00 00 00 00 00 00 00 00 ff 81 00 00 00 00 00 00
                                 004c57ff0fb0 00 00 00 00 00 00 00 00 fe 01 03 00 06 00 00 00
                                 004c57ff0fc0 fc 81 03 00 00 00 00 00 03 01 00 00 00 00 00 00
                                 004c57ff0fd0 00 50 a1 88 52 00 00 00 00 c0 d9 58 4c 00 00 00
                                 004c57ff0fe0 d0 0f 00 00 00 00 00 00 00 00 00 00 00 00 00 00
    TLS Address:                 00000035875a3200
    TLS Dump:                                 00 01 02 03 04 05 06 07 08 09 0a 0b 0c 0d 0e 0f
                                 0035875a3200 00 00 00 00 0c 00 00 00 00 00 00 00 00 00 00 00
                                 0035875a3210 00 00 00 00 00 00 00 00 00 00 00 00 00 00 00 00
                                 0035875a3220 53 46 43 4f 00 00 00 00 02 02 00 00 00 00 00 00
                                 0035875a3230 00 00 00 00 00 00 00 00 00 00 00 00 00 00 00 00
                                 0035875a3240 00 00 00 00 00 00 00 00 00 00 00 00 00 00 00 00
                                 0035875a3250 00 00 00 00 00 00 00 00 00 00 00 00 00 00 00 00
                                 0035875a3260 00 00 00 00 00 00 00 00 00 00 00 00 00 00 00 00
                                 0035875a3270 00 00 00 00 00 00 00 00 00 00 00 00 00 00 00 00
                                 0035875a3280 00 00 00 00 00 00 00 00 00 00 00 00 00 00 00 00
                                 0035875a3290 00 00 00 00 00 00 00 00 00 00 00 00 00 00 00 00
                                 0035875a32a0 00 00 00 00 00 00 00 00 00 00 00 00 00 00 00 00
                                 0035875a32b0 00 00 00 00 00 00 00 00 00 00 00 00 00 00 00 00
                                 0035875a32c0 00 00 00 00 00 00 00 00 00 00 00 00 00 00 00 00
                                 0035875a32d0 00 00 00 00 00 00 00 00 00 00 00 00 00 00 00 00
                                 0035875a32e0 00 00 00 00 00 00 00 00 00 00 00 00 00 00 00 00
                                 0035875a32f0 00 00 00 00 00 00 00 00 00 00 00 00 00 00 00 00
