Atmosphère Crash Report (v1.6):
Result:                          0x75B (2347-0003)

Process Info:
    Process Name:                hbloader
    Program ID:                  010000000000100d
    Process ID:                  0000000000000081
    Process Flags:               000000b7
    User Exception Address:      00000041df7b3000
Exception Info:
    Type:                        User Break
    Address:                     000000578ec073c8 (hbl + 0x73c8)
    Break Reason:                0x0
    Break Address:               000000327343ff0c
    Break Size:                  0x4
Crashed Thread Info:
    Thread ID:                   000000000000021d
    Stack Region:                0000003273340000-0000003273440000
    Registers:
        X[00]:                   0000000000000000
        X[01]:                   000000327343ff0c
        X[02]:                   0000000000000004
        X[03]:                   0000000000000000
        X[04]:                   0000000000000000
        X[05]:                   000000578ec10b20
        X[06]:                   0000000000000061
        X[07]:                   000000578ec14910
        X[08]:                   0000000000000000
        X[09]:                   0000000000000000
        X[10]:                   0000000000000000
        X[11]:                   0000000000000000
        X[12]:                   0000000000000000
        X[13]:                   0000000000000000
        X[14]:                   0000000000000000
        X[15]:                   0000000000000000
        X[16]:                   0000000000000000
        X[17]:                   0000000000000000
        X[18]:                   0000000000000000
        X[19]:                   0000000000000000
        X[20]:                   0000000000000000
        X[21]:                   0000000000000000
        X[22]:                   0000000000000000
        X[23]:                   0000000000000000
        X[24]:                   0000000000000000
        X[25]:                   0000000000000000
        X[26]:                   0000000000000000
        X[27]:                   0000000000000000
        X[28]:                   0000000000000000
        FP:                      000000327343fef0
        LR:                      000000578ec0522c (hbl + 0x522c)
        SP:                      000000327343fef0
        PC:                      000000578ec073c4 (hbl + 0x73c4)
    Stack Trace:
        ReturnAddress[00]:       000000578ec009e0 (hbl + 0x9e0)
        ReturnAddress[01]:       000000578ec0033c (hbl + 0x33c)
        ReturnAddress[02]:       000000578ec00840 (hbl + 0x840)
    Stack Dump:                               00 01 02 03 04 05 06 07 08 09 0a 0b 0c 0d 0e 0f
                                 00327343fef0 10 ff 43 73 32 00 00 00 e0 09 c0 8e 57 00 00 00
                                 00327343ff00 fd 81 02 00 00 00 00 00 80 b1 c0 8e 5b 07 00 00
                                 00327343ff10 60 ff 43 73 32 00 00 00 3c 03 c0 8e 57 00 00 00
                                 00327343ff20 00 00 40 0f 00 00 00 00 00 35 c1 8e 57 00 00 00
                                 00327343ff30 c8 ff 43 73 32 00 00 00 00 46 c1 8e 57 00 00 00
                                 00327343ff40 b8 ff 43 73 32 00 00 00 c0 ff 43 73 32 00 00 00
                                 00327343ff50 00 46 c1 8e 57 00 00 00 ff 81 00 00 00 00 00 00
                                 00327343ff60 00 00 00 00 00 00 00 00 40 08 c0 8e 57 00 00 00
                                 00327343ff70 00 00 00 00 00 00 00 00 00 00 00 00 00 00 00 00
                                 00327343ff80 00 00 00 00 00 00 00 00 00 00 00 00 00 00 00 00
                                 00327343ff90 00 00 00 00 00 00 00 00 00 00 00 00 00 00 00 00
                                 00327343ffa0 00 00 00 00 00 00 00 00 ff 81 00 00 00 00 00 00
                                 00327343ffb0 00 00 00 00 00 00 00 00 fe 01 03 00 4a 00 00 00
                                 00327343ffc0 fc 81 03 00 00 00 00 00 03 01 00 00 00 00 00 00
                                 00327343ffd0 00 50 c1 8e 57 00 00 00 00 50 d5 63 32 00 00 00
                                 00327343ffe0 d0 0f 00 00 00 00 00 00 00 00 00 00 00 00 00 00
    TLS Address:                 00000041df7b3200
    TLS Dump:                                 00 01 02 03 04 05 06 07 08 09 0a 0b 0c 0d 0e 0f
                                 0041df7b3200 00 00 00 00 0c 00 00 00 00 00 00 00 00 00 00 00
                                 0041df7b3210 00 00 00 00 00 00 00 00 00 00 00 00 00 00 00 00
                                 0041df7b3220 53 46 43 4f 00 00 00 00 02 02 00 00 00 00 00 00
                                 0041df7b3230 00 00 00 00 00 00 00 00 00 00 00 00 00 00 00 00
                                 0041df7b3240 00 00 00 00 00 00 00 00 00 00 00 00 00 00 00 00
                                 0041df7b3250 00 00 00 00 00 00 00 00 00 00 00 00 00 00 00 00
                                 0041df7b3260 00 00 00 00 00 00 00 00 00 00 00 00 00 00 00 00
                                 0041df7b3270 00 00 00 00 00 00 00 00 00 00 00 00 00 00 00 00
                                 0041df7b3280 00 00 00 00 00 00 00 00 00 00 00 00 00 00 00 00
                                 0041df7b3290 00 00 00 00 00 00 00 00 00 00 00 00 00 00 00 00
                                 0041df7b32a0 00 00 00 00 00 00 00 00 00 00 00 00 00 00 00 00
                                 0041df7b32b0 00 00 00 00 00 00 00 00 00 00 00 00 00 00 00 00
                                 0041df7b32c0 00 00 00 00 00 00 00 00 00 00 00 00 00 00 00 00
                                 0041df7b32d0 00 00 00 00 00 00 00 00 00 00 00 00 00 00 00 00
                                 0041df7b32e0 00 00 00 00 00 00 00 00 00 00 00 00 00 00 00 00
                                 0041df7b32f0 00 00 00 00 00 00 00 00 00 00 00 00 00 00 00 00
Module Info:
    Number of Modules:           1
    Module 00:
        Address:                 000000578ec00000-000000578ec0b000
        Name:                    hbl
        Build Id:                116A8E9D8DE993B75474F4B409A16556AF7B97CE000000000000000000000000
Thread Report:
Number of Threads:               01
Threads[00]:
    Thread ID:                   000000000000021d
    Stack Region:                0000003273340000-0000003273440000
    Registers:
        X[00]:                   0000000000000000
        X[01]:                   000000327343ff0c
        X[02]:                   0000000000000004
        X[03]:                   0000000000000000
        X[04]:                   0000000000000000
        X[05]:                   000000578ec10b20
        X[06]:                   0000000000000061
        X[07]:                   000000578ec14910
        X[08]:                   0000000000000000
        X[09]:                   0000000000000000
        X[10]:                   0000000000000000
        X[11]:                   0000000000000000
        X[12]:                   0000000000000000
        X[13]:                   0000000000000000
        X[14]:                   0000000000000000
        X[15]:                   0000000000000000
        X[16]:                   0000000000000000
        X[17]:                   0000000000000000
        X[18]:                   0000000000000000
        X[19]:                   0000000000000000
        X[20]:                   0000000000000000
        X[21]:                   0000000000000000
        X[22]:                   0000000000000000
        X[23]:                   0000000000000000
        X[24]:                   0000000000000000
        X[25]:                   0000000000000000
        X[26]:                   0000000000000000
        X[27]:                   0000000000000000
        X[28]:                   0000000000000000
        FP:                      000000327343fef0
        LR:                      000000578ec0522c (hbl + 0x522c)
        SP:                      000000327343fef0
        PC:                      000000578ec073c4 (hbl + 0x73c4)
    Stack Trace:
        ReturnAddress[00]:       000000578ec009e0 (hbl + 0x9e0)
        ReturnAddress[01]:       000000578ec0033c (hbl + 0x33c)
        ReturnAddress[02]:       000000578ec00840 (hbl + 0x840)
    Stack Dump:                               00 01 02 03 04 05 06 07 08 09 0a 0b 0c 0d 0e 0f
                                 00327343fef0 10 ff 43 73 32 00 00 00 e0 09 c0 8e 57 00 00 00
                                 00327343ff00 fd 81 02 00 00 00 00 00 80 b1 c0 8e 5b 07 00 00
                                 00327343ff10 60 ff 43 73 32 00 00 00 3c 03 c0 8e 57 00 00 00
                                 00327343ff20 00 00 40 0f 00 00 00 00 00 35 c1 8e 57 00 00 00
                                 00327343ff30 c8 ff 43 73 32 00 00 00 00 46 c1 8e 57 00 00 00
                                 00327343ff40 b8 ff 43 73 32 00 00 00 c0 ff 43 73 32 00 00 00
                                 00327343ff50 00 46 c1 8e 57 00 00 00 ff 81 00 00 00 00 00 00
                                 00327343ff60 00 00 00 00 00 00 00 00 40 08 c0 8e 57 00 00 00
                                 00327343ff70 00 00 00 00 00 00 00 00 00 00 00 00 00 00 00 00
                                 00327343ff80 00 00 00 00 00 00 00 00 00 00 00 00 00 00 00 00
                                 00327343ff90 00 00 00 00 00 00 00 00 00 00 00 00 00 00 00 00
                                 00327343ffa0 00 00 00 00 00 00 00 00 ff 81 00 00 00 00 00 00
                                 00327343ffb0 00 00 00 00 00 00 00 00 fe 01 03 00 4a 00 00 00
                                 00327343ffc0 fc 81 03 00 00 00 00 00 03 01 00 00 00 00 00 00
                                 00327343ffd0 00 50 c1 8e 57 00 00 00 00 50 d5 63 32 00 00 00
                                 00327343ffe0 d0 0f 00 00 00 00 00 00 00 00 00 00 00 00 00 00
    TLS Address:                 00000041df7b3200
    TLS Dump:                                 00 01 02 03 04 05 06 07 08 09 0a 0b 0c 0d 0e 0f
                                 0041df7b3200 00 00 00 00 0c 00 00 00 00 00 00 00 00 00 00 00
                                 0041df7b3210 00 00 00 00 00 00 00 00 00 00 00 00 00 00 00 00
                                 0041df7b3220 53 46 43 4f 00 00 00 00 02 02 00 00 00 00 00 00
                                 0041df7b3230 00 00 00 00 00 00 00 00 00 00 00 00 00 00 00 00
                                 0041df7b3240 00 00 00 00 00 00 00 00 00 00 00 00 00 00 00 00
                                 0041df7b3250 00 00 00 00 00 00 00 00 00 00 00 00 00 00 00 00
                                 0041df7b3260 00 00 00 00 00 00 00 00 00 00 00 00 00 00 00 00
                                 0041df7b3270 00 00 00 00 00 00 00 00 00 00 00 00 00 00 00 00
                                 0041df7b3280 00 00 00 00 00 00 00 00 00 00 00 00 00 00 00 00
                                 0041df7b3290 00 00 00 00 00 00 00 00 00 00 00 00 00 00 00 00
                                 0041df7b32a0 00 00 00 00 00 00 00 00 00 00 00 00 00 00 00 00
                                 0041df7b32b0 00 00 00 00 00 00 00 00 00 00 00 00 00 00 00 00
                                 0041df7b32c0 00 00 00 00 00 00 00 00 00 00 00 00 00 00 00 00
                                 0041df7b32d0 00 00 00 00 00 00 00 00 00 00 00 00 00 00 00 00
                                 0041df7b32e0 00 00 00 00 00 00 00 00 00 00 00 00 00 00 00 00
                                 0041df7b32f0 00 00 00 00 00 00 00 00 00 00 00 00 00 00 00 00
