Atmosphère Crash Report (v1.6):
Result:                          0x75B (2347-0003)

Process Info:
    Process Name:                hbloader
    Program ID:                  010000000000100d
    Process ID:                  0000000000000082
    Process Flags:               000000b7
    User Exception Address:      0000002a6c64e000
Exception Info:
    Type:                        User Break
    Address:                     0000007de50073c8 (hbl + 0x73c8)
    Break Reason:                0x0
    Break Address:               000000176b072f0c
    Break Size:                  0x4
Crashed Thread Info:
    Thread ID:                   0000000000000253
    Stack Region:                000000176af73000-000000176b073000
    Registers:
        X[00]:                   0000000000000000
        X[01]:                   000000176b072f0c
        X[02]:                   0000000000000004
        X[03]:                   0000000000000000
        X[04]:                   0000000000000000
        X[05]:                   0000007de5010b20
        X[06]:                   0000000000000061
        X[07]:                   0000007de5014910
        X[08]:                   0000000000000000
        X[09]:                   0000000000000000
        X[10]:                   0000000000000000
        X[11]:                   0000000000000000
        X[12]:                   0000000000000000
        X[13]:                   0000000000000000
        X[14]:                   0000000000000000
        X[15]:                   0000000000000000
        X[16]:                   0000000000000000
        X[17]:                   0000000000000000
        X[18]:                   0000000000000000
        X[19]:                   0000000000000000
        X[20]:                   0000000000000000
        X[21]:                   0000000000000000
        X[22]:                   0000000000000000
        X[23]:                   0000000000000000
        X[24]:                   0000000000000000
        X[25]:                   0000000000000000
        X[26]:                   0000000000000000
        X[27]:                   0000000000000000
        X[28]:                   0000000000000000
        FP:                      000000176b072ef0
        LR:                      0000007de500522c (hbl + 0x522c)
        SP:                      000000176b072ef0
        PC:                      0000007de50073c4 (hbl + 0x73c4)
    Stack Trace:
        ReturnAddress[00]:       0000007de50009e0 (hbl + 0x9e0)
        ReturnAddress[01]:       0000007de500033c (hbl + 0x33c)
        ReturnAddress[02]:       0000007de5000840 (hbl + 0x840)
    Stack Dump:                               00 01 02 03 04 05 06 07 08 09 0a 0b 0c 0d 0e 0f
                                 00176b072ef0 10 2f 07 6b 17 00 00 00 e0 09 00 e5 7d 00 00 00
                                 00176b072f00 fd 81 02 00 00 00 00 00 80 b1 00 e5 5b 07 00 00
                                 00176b072f10 60 2f 07 6b 17 00 00 00 3c 03 00 e5 7d 00 00 00
                                 00176b072f20 00 00 40 0f 00 00 00 00 00 35 01 e5 7d 00 00 00
                                 00176b072f30 c8 2f 07 6b 17 00 00 00 00 46 01 e5 7d 00 00 00
                                 00176b072f40 b8 2f 07 6b 17 00 00 00 c0 2f 07 6b 17 00 00 00
                                 00176b072f50 00 46 01 e5 7d 00 00 00 ff 81 00 00 00 00 00 00
                                 00176b072f60 00 00 00 00 00 00 00 00 40 08 00 e5 7d 00 00 00
                                 00176b072f70 00 00 00 00 00 00 00 00 00 00 00 00 00 00 00 00
                                 00176b072f80 00 00 00 00 00 00 00 00 00 00 00 00 00 00 00 00
                                 00176b072f90 00 00 00 00 00 00 00 00 00 00 00 00 00 00 00 00
                                 00176b072fa0 00 00 00 00 00 00 00 00 ff 81 00 00 00 00 00 00
                                 00176b072fb0 00 00 00 00 00 00 00 00 fe 01 03 00 38 00 00 00
                                 00176b072fc0 fc 81 03 00 00 00 00 00 03 01 00 00 00 00 00 00
                                 00176b072fd0 00 50 01 e5 7d 00 00 00 00 e0 68 55 17 00 00 00
                                 00176b072fe0 d0 0f 00 00 00 00 00 00 00 00 00 00 00 00 00 00
    TLS Address:                 0000002a6c64e200
    TLS Dump:                                 00 01 02 03 04 05 06 07 08 09 0a 0b 0c 0d 0e 0f
                                 002a6c64e200 00 00 00 00 0c 00 00 00 00 00 00 00 00 00 00 00
                                 002a6c64e210 00 00 00 00 00 00 00 00 00 00 00 00 00 00 00 00
                                 002a6c64e220 53 46 43 4f 00 00 00 00 02 02 00 00 00 00 00 00
                                 002a6c64e230 00 00 00 00 00 00 00 00 00 00 00 00 00 00 00 00
                                 002a6c64e240 00 00 00 00 00 00 00 00 00 00 00 00 00 00 00 00
                                 002a6c64e250 00 00 00 00 00 00 00 00 00 00 00 00 00 00 00 00
                                 002a6c64e260 00 00 00 00 00 00 00 00 00 00 00 00 00 00 00 00
                                 002a6c64e270 00 00 00 00 00 00 00 00 00 00 00 00 00 00 00 00
                                 002a6c64e280 00 00 00 00 00 00 00 00 00 00 00 00 00 00 00 00
                                 002a6c64e290 00 00 00 00 00 00 00 00 00 00 00 00 00 00 00 00
                                 002a6c64e2a0 00 00 00 00 00 00 00 00 00 00 00 00 00 00 00 00
                                 002a6c64e2b0 00 00 00 00 00 00 00 00 00 00 00 00 00 00 00 00
                                 002a6c64e2c0 00 00 00 00 00 00 00 00 00 00 00 00 00 00 00 00
                                 002a6c64e2d0 00 00 00 00 00 00 00 00 00 00 00 00 00 00 00 00
                                 002a6c64e2e0 00 00 00 00 00 00 00 00 00 00 00 00 00 00 00 00
                                 002a6c64e2f0 00 00 00 00 00 00 00 00 00 00 00 00 00 00 00 00
Module Info:
    Number of Modules:           1
    Module 00:
        Address:                 0000007de5000000-0000007de500b000
        Name:                    hbl
        Build Id:                116A8E9D8DE993B75474F4B409A16556AF7B97CE000000000000000000000000
Thread Report:
Number of Threads:               01
Threads[00]:
    Thread ID:                   0000000000000253
    Stack Region:                000000176af73000-000000176b073000
    Registers:
        X[00]:                   0000000000000000
        X[01]:                   000000176b072f0c
        X[02]:                   0000000000000004
        X[03]:                   0000000000000000
        X[04]:                   0000000000000000
        X[05]:                   0000007de5010b20
        X[06]:                   0000000000000061
        X[07]:                   0000007de5014910
        X[08]:                   0000000000000000
        X[09]:                   0000000000000000
        X[10]:                   0000000000000000
        X[11]:                   0000000000000000
        X[12]:                   0000000000000000
        X[13]:                   0000000000000000
        X[14]:                   0000000000000000
        X[15]:                   0000000000000000
        X[16]:                   0000000000000000
        X[17]:                   0000000000000000
        X[18]:                   0000000000000000
        X[19]:                   0000000000000000
        X[20]:                   0000000000000000
        X[21]:                   0000000000000000
        X[22]:                   0000000000000000
        X[23]:                   0000000000000000
        X[24]:                   0000000000000000
        X[25]:                   0000000000000000
        X[26]:                   0000000000000000
        X[27]:                   0000000000000000
        X[28]:                   0000000000000000
        FP:                      000000176b072ef0
        LR:                      0000007de500522c (hbl + 0x522c)
        SP:                      000000176b072ef0
        PC:                      0000007de50073c4 (hbl + 0x73c4)
    Stack Trace:
        ReturnAddress[00]:       0000007de50009e0 (hbl + 0x9e0)
        ReturnAddress[01]:       0000007de500033c (hbl + 0x33c)
        ReturnAddress[02]:       0000007de5000840 (hbl + 0x840)
    Stack Dump:                               00 01 02 03 04 05 06 07 08 09 0a 0b 0c 0d 0e 0f
                                 00176b072ef0 10 2f 07 6b 17 00 00 00 e0 09 00 e5 7d 00 00 00
                                 00176b072f00 fd 81 02 00 00 00 00 00 80 b1 00 e5 5b 07 00 00
                                 00176b072f10 60 2f 07 6b 17 00 00 00 3c 03 00 e5 7d 00 00 00
                                 00176b072f20 00 00 40 0f 00 00 00 00 00 35 01 e5 7d 00 00 00
                                 00176b072f30 c8 2f 07 6b 17 00 00 00 00 46 01 e5 7d 00 00 00
                                 00176b072f40 b8 2f 07 6b 17 00 00 00 c0 2f 07 6b 17 00 00 00
                                 00176b072f50 00 46 01 e5 7d 00 00 00 ff 81 00 00 00 00 00 00
                                 00176b072f60 00 00 00 00 00 00 00 00 40 08 00 e5 7d 00 00 00
                                 00176b072f70 00 00 00 00 00 00 00 00 00 00 00 00 00 00 00 00
                                 00176b072f80 00 00 00 00 00 00 00 00 00 00 00 00 00 00 00 00
                                 00176b072f90 00 00 00 00 00 00 00 00 00 00 00 00 00 00 00 00
                                 00176b072fa0 00 00 00 00 00 00 00 00 ff 81 00 00 00 00 00 00
                                 00176b072fb0 00 00 00 00 00 00 00 00 fe 01 03 00 38 00 00 00
                                 00176b072fc0 fc 81 03 00 00 00 00 00 03 01 00 00 00 00 00 00
                                 00176b072fd0 00 50 01 e5 7d 00 00 00 00 e0 68 55 17 00 00 00
                                 00176b072fe0 d0 0f 00 00 00 00 00 00 00 00 00 00 00 00 00 00
    TLS Address:                 0000002a6c64e200
    TLS Dump:                                 00 01 02 03 04 05 06 07 08 09 0a 0b 0c 0d 0e 0f
                                 002a6c64e200 00 00 00 00 0c 00 00 00 00 00 00 00 00 00 00 00
                                 002a6c64e210 00 00 00 00 00 00 00 00 00 00 00 00 00 00 00 00
                                 002a6c64e220 53 46 43 4f 00 00 00 00 02 02 00 00 00 00 00 00
                                 002a6c64e230 00 00 00 00 00 00 00 00 00 00 00 00 00 00 00 00
                                 002a6c64e240 00 00 00 00 00 00 00 00 00 00 00 00 00 00 00 00
                                 002a6c64e250 00 00 00 00 00 00 00 00 00 00 00 00 00 00 00 00
                                 002a6c64e260 00 00 00 00 00 00 00 00 00 00 00 00 00 00 00 00
                                 002a6c64e270 00 00 00 00 00 00 00 00 00 00 00 00 00 00 00 00
                                 002a6c64e280 00 00 00 00 00 00 00 00 00 00 00 00 00 00 00 00
                                 002a6c64e290 00 00 00 00 00 00 00 00 00 00 00 00 00 00 00 00
                                 002a6c64e2a0 00 00 00 00 00 00 00 00 00 00 00 00 00 00 00 00
                                 002a6c64e2b0 00 00 00 00 00 00 00 00 00 00 00 00 00 00 00 00
                                 002a6c64e2c0 00 00 00 00 00 00 00 00 00 00 00 00 00 00 00 00
                                 002a6c64e2d0 00 00 00 00 00 00 00 00 00 00 00 00 00 00 00 00
                                 002a6c64e2e0 00 00 00 00 00 00 00 00 00 00 00 00 00 00 00 00
                                 002a6c64e2f0 00 00 00 00 00 00 00 00 00 00 00 00 00 00 00 00
