Atmosphère Crash Report (v1.6):
Result:                          0x75B (2347-0003)

Process Info:
    Process Name:                hbloader
    Program ID:                  010000000000100d
    Process ID:                  0000000000000081
    Process Flags:               000000b7
    User Exception Address:      0000000af4a7e000
Exception Info:
    Type:                        User Break
    Address:                     00000060efc073c8 (hbl + 0x73c8)
    Break Reason:                0x0
    Break Address:               0000001dd0379f0c
    Break Size:                  0x4
Crashed Thread Info:
    Thread ID:                   000000000000021a
    Stack Region:                0000001dd027a000-0000001dd037a000
    Registers:
        X[00]:                   0000000000000000
        X[01]:                   0000001dd0379f0c
        X[02]:                   0000000000000004
        X[03]:                   0000000000000000
        X[04]:                   0000000000000000
        X[05]:                   00000060efc10b20
        X[06]:                   0000000000000061
        X[07]:                   00000060efc14910
        X[08]:                   0000000000000000
        X[09]:                   0000000000000000
        X[10]:                   0000000000000000
        X[11]:                   0000000000000000
        X[12]:                   0000000000000000
        X[13]:                   0000000000000000
        X[14]:                   0000000000000000
        X[15]:                   0000000000000000
        X[16]:                   0000000000000000
        X[17]:                   0000000000000000
        X[18]:                   0000000000000000
        X[19]:                   0000000000000000
        X[20]:                   0000000000000000
        X[21]:                   0000000000000000
        X[22]:                   0000000000000000
        X[23]:                   0000000000000000
        X[24]:                   0000000000000000
        X[25]:                   0000000000000000
        X[26]:                   0000000000000000
        X[27]:                   0000000000000000
        X[28]:                   0000000000000000
        FP:                      0000001dd0379ef0
        LR:                      00000060efc0522c (hbl + 0x522c)
        SP:                      0000001dd0379ef0
        PC:                      00000060efc073c4 (hbl + 0x73c4)
    Stack Trace:
        ReturnAddress[00]:       00000060efc009e0 (hbl + 0x9e0)
        ReturnAddress[01]:       00000060efc0033c (hbl + 0x33c)
        ReturnAddress[02]:       00000060efc00840 (hbl + 0x840)
    Stack Dump:                               00 01 02 03 04 05 06 07 08 09 0a 0b 0c 0d 0e 0f
                                 001dd0379ef0 10 9f 37 d0 1d 00 00 00 e0 09 c0 ef 60 00 00 00
                                 001dd0379f00 fd 81 02 00 00 00 00 00 80 b1 c0 ef 5b 07 00 00
                                 001dd0379f10 60 9f 37 d0 1d 00 00 00 3c 03 c0 ef 60 00 00 00
                                 001dd0379f20 00 00 40 0f 00 00 00 00 00 35 c1 ef 60 00 00 00
                                 001dd0379f30 c8 9f 37 d0 1d 00 00 00 00 46 c1 ef 60 00 00 00
                                 001dd0379f40 b8 9f 37 d0 1d 00 00 00 c0 9f 37 d0 1d 00 00 00
                                 001dd0379f50 00 46 c1 ef 60 00 00 00 ff 81 00 00 00 00 00 00
                                 001dd0379f60 00 00 00 00 00 00 00 00 40 08 c0 ef 60 00 00 00
                                 001dd0379f70 00 00 00 00 00 00 00 00 00 00 00 00 00 00 00 00
                                 001dd0379f80 00 00 00 00 00 00 00 00 00 00 00 00 00 00 00 00
                                 001dd0379f90 00 00 00 00 00 00 00 00 00 00 00 00 00 00 00 00
                                 001dd0379fa0 00 00 00 00 00 00 00 00 ff 81 00 00 00 00 00 00
                                 001dd0379fb0 00 00 00 00 00 00 00 00 fe 01 03 00 55 00 00 00
                                 001dd0379fc0 fc 81 03 00 00 00 00 00 03 01 00 00 00 00 00 00
                                 001dd0379fd0 00 50 c1 ef 60 00 00 00 00 60 e5 7e 1d 00 00 00
                                 001dd0379fe0 d0 0f 00 00 00 00 00 00 00 00 00 00 00 00 00 00
    TLS Address:                 0000000af4a7e200
    TLS Dump:                                 00 01 02 03 04 05 06 07 08 09 0a 0b 0c 0d 0e 0f
                                 000af4a7e200 00 00 00 00 0c 00 00 00 00 00 00 00 00 00 00 00
                                 000af4a7e210 00 00 00 00 00 00 00 00 00 00 00 00 00 00 00 00
                                 000af4a7e220 53 46 43 4f 00 00 00 00 02 02 00 00 00 00 00 00
                                 000af4a7e230 00 00 00 00 00 00 00 00 00 00 00 00 00 00 00 00
                                 000af4a7e240 00 00 00 00 00 00 00 00 00 00 00 00 00 00 00 00
                                 000af4a7e250 00 00 00 00 00 00 00 00 00 00 00 00 00 00 00 00
                                 000af4a7e260 00 00 00 00 00 00 00 00 00 00 00 00 00 00 00 00
                                 000af4a7e270 00 00 00 00 00 00 00 00 00 00 00 00 00 00 00 00
                                 000af4a7e280 00 00 00 00 00 00 00 00 00 00 00 00 00 00 00 00
                                 000af4a7e290 00 00 00 00 00 00 00 00 00 00 00 00 00 00 00 00
                                 000af4a7e2a0 00 00 00 00 00 00 00 00 00 00 00 00 00 00 00 00
                                 000af4a7e2b0 00 00 00 00 00 00 00 00 00 00 00 00 00 00 00 00
                                 000af4a7e2c0 00 00 00 00 00 00 00 00 00 00 00 00 00 00 00 00
                                 000af4a7e2d0 00 00 00 00 00 00 00 00 00 00 00 00 00 00 00 00
                                 000af4a7e2e0 00 00 00 00 00 00 00 00 00 00 00 00 00 00 00 00
                                 000af4a7e2f0 00 00 00 00 00 00 00 00 00 00 00 00 00 00 00 00
Module Info:
    Number of Modules:           1
    Module 00:
        Address:                 00000060efc00000-00000060efc0b000
        Name:                    hbl
        Build Id:                116A8E9D8DE993B75474F4B409A16556AF7B97CE000000000000000000000000
Thread Report:
Number of Threads:               01
Threads[00]:
    Thread ID:                   000000000000021a
    Stack Region:                0000001dd027a000-0000001dd037a000
    Registers:
        X[00]:                   0000000000000000
        X[01]:                   0000001dd0379f0c
        X[02]:                   0000000000000004
        X[03]:                   0000000000000000
        X[04]:                   0000000000000000
        X[05]:                   00000060efc10b20
        X[06]:                   0000000000000061
        X[07]:                   00000060efc14910
        X[08]:                   0000000000000000
        X[09]:                   0000000000000000
        X[10]:                   0000000000000000
        X[11]:                   0000000000000000
        X[12]:                   0000000000000000
        X[13]:                   0000000000000000
        X[14]:                   0000000000000000
        X[15]:                   0000000000000000
        X[16]:                   0000000000000000
        X[17]:                   0000000000000000
        X[18]:                   0000000000000000
        X[19]:                   0000000000000000
        X[20]:                   0000000000000000
        X[21]:                   0000000000000000
        X[22]:                   0000000000000000
        X[23]:                   0000000000000000
        X[24]:                   0000000000000000
        X[25]:                   0000000000000000
        X[26]:                   0000000000000000
        X[27]:                   0000000000000000
        X[28]:                   0000000000000000
        FP:                      0000001dd0379ef0
        LR:                      00000060efc0522c (hbl + 0x522c)
        SP:                      0000001dd0379ef0
        PC:                      00000060efc073c4 (hbl + 0x73c4)
    Stack Trace:
        ReturnAddress[00]:       00000060efc009e0 (hbl + 0x9e0)
        ReturnAddress[01]:       00000060efc0033c (hbl + 0x33c)
        ReturnAddress[02]:       00000060efc00840 (hbl + 0x840)
    Stack Dump:                               00 01 02 03 04 05 06 07 08 09 0a 0b 0c 0d 0e 0f
                                 001dd0379ef0 10 9f 37 d0 1d 00 00 00 e0 09 c0 ef 60 00 00 00
                                 001dd0379f00 fd 81 02 00 00 00 00 00 80 b1 c0 ef 5b 07 00 00
                                 001dd0379f10 60 9f 37 d0 1d 00 00 00 3c 03 c0 ef 60 00 00 00
                                 001dd0379f20 00 00 40 0f 00 00 00 00 00 35 c1 ef 60 00 00 00
                                 001dd0379f30 c8 9f 37 d0 1d 00 00 00 00 46 c1 ef 60 00 00 00
                                 001dd0379f40 b8 9f 37 d0 1d 00 00 00 c0 9f 37 d0 1d 00 00 00
                                 001dd0379f50 00 46 c1 ef 60 00 00 00 ff 81 00 00 00 00 00 00
                                 001dd0379f60 00 00 00 00 00 00 00 00 40 08 c0 ef 60 00 00 00
                                 001dd0379f70 00 00 00 00 00 00 00 00 00 00 00 00 00 00 00 00
                                 001dd0379f80 00 00 00 00 00 00 00 00 00 00 00 00 00 00 00 00
                                 001dd0379f90 00 00 00 00 00 00 00 00 00 00 00 00 00 00 00 00
                                 001dd0379fa0 00 00 00 00 00 00 00 00 ff 81 00 00 00 00 00 00
                                 001dd0379fb0 00 00 00 00 00 00 00 00 fe 01 03 00 55 00 00 00
                                 001dd0379fc0 fc 81 03 00 00 00 00 00 03 01 00 00 00 00 00 00
                                 001dd0379fd0 00 50 c1 ef 60 00 00 00 00 60 e5 7e 1d 00 00 00
                                 001dd0379fe0 d0 0f 00 00 00 00 00 00 00 00 00 00 00 00 00 00
    TLS Address:                 0000000af4a7e200
    TLS Dump:                                 00 01 02 03 04 05 06 07 08 09 0a 0b 0c 0d 0e 0f
                                 000af4a7e200 00 00 00 00 0c 00 00 00 00 00 00 00 00 00 00 00
                                 000af4a7e210 00 00 00 00 00 00 00 00 00 00 00 00 00 00 00 00
                                 000af4a7e220 53 46 43 4f 00 00 00 00 02 02 00 00 00 00 00 00
                                 000af4a7e230 00 00 00 00 00 00 00 00 00 00 00 00 00 00 00 00
                                 000af4a7e240 00 00 00 00 00 00 00 00 00 00 00 00 00 00 00 00
                                 000af4a7e250 00 00 00 00 00 00 00 00 00 00 00 00 00 00 00 00
                                 000af4a7e260 00 00 00 00 00 00 00 00 00 00 00 00 00 00 00 00
                                 000af4a7e270 00 00 00 00 00 00 00 00 00 00 00 00 00 00 00 00
                                 000af4a7e280 00 00 00 00 00 00 00 00 00 00 00 00 00 00 00 00
                                 000af4a7e290 00 00 00 00 00 00 00 00 00 00 00 00 00 00 00 00
                                 000af4a7e2a0 00 00 00 00 00 00 00 00 00 00 00 00 00 00 00 00
                                 000af4a7e2b0 00 00 00 00 00 00 00 00 00 00 00 00 00 00 00 00
                                 000af4a7e2c0 00 00 00 00 00 00 00 00 00 00 00 00 00 00 00 00
                                 000af4a7e2d0 00 00 00 00 00 00 00 00 00 00 00 00 00 00 00 00
                                 000af4a7e2e0 00 00 00 00 00 00 00 00 00 00 00 00 00 00 00 00
                                 000af4a7e2f0 00 00 00 00 00 00 00 00 00 00 00 00 00 00 00 00
